0 verbose cli /home/gevalinho/.nvm/versions/node/v21.6.2/bin/node /home/gevalinho/.nvm/versions/node/v21.6.2/bin/npm
1 info using npm@10.4.0
2 info using node@v21.6.2
3 timing npm:load:whichnode Completed in 6ms
4 timing config:load:defaults Completed in 4ms
5 timing config:load:file:/home/gevalinho/.nvm/versions/node/v21.6.2/lib/node_modules/npm/npmrc Completed in 2ms
6 timing config:load:builtin Completed in 2ms
7 timing config:load:cli Completed in 5ms
8 timing config:load:env Completed in 1ms
9 timing config:load:file:/home/gevalinho/gevalinho/mui/mui/.npmrc Completed in 1ms
10 timing config:load:project Completed in 6ms
11 timing config:load:file:/home/gevalinho/.npmrc Completed in 5ms
12 timing config:load:user Completed in 5ms
13 timing config:load:file:/home/gevalinho/.nvm/versions/node/v21.6.2/etc/npmrc Completed in 1ms
14 timing config:load:global Completed in 1ms
15 timing config:load:setEnvs Completed in 2ms
16 timing config:load Completed in 26ms
17 timing npm:load:configload Completed in 27ms
18 timing config:load:flatten Completed in 7ms
19 timing npm:load:mkdirpcache Completed in 7ms
20 timing npm:load:mkdirplogs Completed in 7ms
21 verbose title npm stat dev
22 verbose argv "stat" "dev"
23 timing npm:load:setTitle Completed in 1ms
24 timing npm:load:display Completed in 1ms
25 verbose logfile logs-max:10 dir:/home/gevalinho/gevalinho/mui/mui/C:UsersgevalAppDataRoamingnpm-cache/_logs/2024-02-24T10_28_32_631Z-
26 verbose logfile /home/gevalinho/gevalinho/mui/mui/C:UsersgevalAppDataRoamingnpm-cache/_logs/2024-02-24T10_28_32_631Z-debug-0.log
27 timing npm:load:logFile Completed in 16ms
28 timing npm:load:timers Completed in 0ms
29 timing npm:load:configScope Completed in 0ms
30 timing npm:load Completed in 106ms
31 silly logfile done cleaning log files
32 verbose exit 1
33 timing npm Completed in 192ms
34 verbose code 1
