0 verbose cli /home/gevalinho/.nvm/versions/node/v21.6.2/bin/node /home/gevalinho/.nvm/versions/node/v21.6.2/bin/npm
1 info using npm@10.5.0
2 info using node@v21.6.2
3 timing npm:load:whichnode Completed in 4ms
4 timing config:load:defaults Completed in 5ms
5 timing config:load:file:/home/gevalinho/.nvm/versions/node/v21.6.2/lib/node_modules/npm/npmrc Completed in 2ms
6 timing config:load:builtin Completed in 2ms
7 timing config:load:cli Completed in 4ms
8 timing config:load:env Completed in 1ms
9 timing config:load:file:/home/gevalinho/gevalinho/mui/mui/.npmrc Completed in 0ms
10 timing config:load:project Completed in 5ms
11 timing config:load:file:/home/gevalinho/.npmrc Completed in 4ms
12 timing config:load:user Completed in 5ms
13 timing config:load:file:/home/gevalinho/.nvm/versions/node/v21.6.2/etc/npmrc Completed in 0ms
14 timing config:load:global Completed in 0ms
15 timing config:load:setEnvs Completed in 1ms
16 timing config:load Completed in 26ms
17 timing npm:load:configload Completed in 27ms
18 timing config:load:flatten Completed in 6ms
19 timing npm:load:mkdirpcache Completed in 1ms
20 timing npm:load:mkdirplogs Completed in 1ms
21 verbose title npm start
22 verbose argv "start"
23 timing npm:load:setTitle Completed in 2ms
24 timing npm:load:display Completed in 1ms
25 verbose logfile logs-max:10 dir:/home/gevalinho/gevalinho/mui/mui/C:UsersgevalAppDataRoamingnpm-cache/_logs/2024-03-04T10_27_54_254Z-
26 verbose logfile /home/gevalinho/gevalinho/mui/mui/C:UsersgevalAppDataRoamingnpm-cache/_logs/2024-03-04T10_27_54_254Z-debug-0.log
27 timing npm:load:logFile Completed in 20ms
28 timing npm:load:timers Completed in 0ms
29 timing npm:load:configScope Completed in 0ms
30 timing npm:load Completed in 95ms
31 silly logfile done cleaning log files
