0 verbose cli /home/gevalinho/.nvm/versions/node/v21.6.2/bin/node /home/gevalinho/.nvm/versions/node/v21.6.2/bin/npm
1 info using npm@10.5.0
2 info using node@v21.6.2
3 timing npm:load:whichnode Completed in 3ms
4 timing config:load:defaults Completed in 4ms
5 timing config:load:file:/home/gevalinho/.nvm/versions/node/v21.6.2/lib/node_modules/npm/npmrc Completed in 2ms
6 timing config:load:builtin Completed in 2ms
7 timing config:load:cli Completed in 4ms
8 timing config:load:env Completed in 1ms
9 timing config:load:file:/home/gevalinho/gevalinho/mui/mui/.npmrc Completed in 1ms
10 timing config:load:project Completed in 5ms
11 timing config:load:file:/home/gevalinho/.npmrc Completed in 4ms
12 timing config:load:user Completed in 5ms
13 timing config:load:file:/home/gevalinho/.nvm/versions/node/v21.6.2/etc/npmrc Completed in 0ms
14 timing config:load:global Completed in 1ms
15 timing config:load:setEnvs Completed in 1ms
16 timing config:load Completed in 26ms
17 timing npm:load:configload Completed in 26ms
18 timing config:load:flatten Completed in 5ms
19 timing npm:load:mkdirpcache Completed in 1ms
20 timing npm:load:mkdirplogs Completed in 1ms
21 verbose title npm run dev
22 verbose argv "run" "dev"
23 timing npm:load:setTitle Completed in 1ms
24 timing npm:load:display Completed in 1ms
25 verbose logfile logs-max:10 dir:/home/gevalinho/gevalinho/mui/mui/C:UsersgevalAppDataRoamingnpm-cache/_logs/2024-03-04T10_27_34_067Z-
26 verbose logfile /home/gevalinho/gevalinho/mui/mui/C:UsersgevalAppDataRoamingnpm-cache/_logs/2024-03-04T10_27_34_067Z-debug-0.log
27 timing npm:load:logFile Completed in 20ms
28 timing npm:load:timers Completed in 0ms
29 timing npm:load:configScope Completed in 0ms
30 timing npm:load Completed in 92ms
31 silly logfile done cleaning log files
32 timing command:run Completed in 380ms
33 verbose stack Error: Missing script: "dev"
33 verbose stack
33 verbose stack To see a list of scripts, run:
33 verbose stack   npm run
33 verbose stack     at RunScript.run (/home/gevalinho/.nvm/versions/node/v21.6.2/lib/node_modules/npm/lib/commands/run-script.js:94:13)
33 verbose stack     at async module.exports (/home/gevalinho/.nvm/versions/node/v21.6.2/lib/node_modules/npm/lib/cli-entry.js:61:5)
34 verbose cwd /home/gevalinho/gevalinho/mui/mui
35 verbose Linux 5.15.133.1-microsoft-standard-WSL2
36 verbose node v21.6.2
37 verbose npm  v10.5.0
38 error Missing script: "dev"
38 error
38 error To see a list of scripts, run:
38 error   npm run
39 verbose exit 1
40 timing npm Completed in 551ms
41 verbose code 1
42 error A complete log of this run can be found in: /home/gevalinho/gevalinho/mui/mui/C:UsersgevalAppDataRoamingnpm-cache/_logs/2024-03-04T10_27_34_067Z-debug-0.log
